alpha:alpha0,beta1,ceta2,golf2,whisky1
beta:alpha1,beta0,ceta1,delta2,golf3,whisky2
center:center0,east1,north1,northeast1,northwest1,south1,southeast1,southwest1,west1
ceta:alpha2,beta1,ceta0,delta1,golf2,whisky3
delta:alpha3,beta2,ceta1,delta0,golf1,whisky2
east:center1,east0,north2,northeast1,northwest2,south2,southeast1,southwest2,west2
golf:alpha2,beta3,ceta2,delta1,golf0,whisky1
north:center1,east2,north0,northeast1,northwest1,south2,southeast2,southwest2,west2
northeast:center1,east1,north1,northeast0,northwest2,south2,southeast2,southwest2,west2
northwest:center1,east2,north1,northeast2,northwest0,south2,southeast2,southwest2,west1
south:center1,east2,north2,northeast2,northwest2,south0,southeast1,southwest1,west2
southeast:center1,east1,north2,northeast2,northwest2,south1,southeast0,southwest2,west2
southwest:center1,east2,north2,northeast2,northwest2,south1,southeast2,southwest0,west1
west:center1,east2,north2,northeast2,northwest1,south2,southeast2,southwest1,west0
whisky:alpha1,beta2,ceta3,delta2,golf1,whisky0
-----
alpha:alpha0,beta1,ceta2,delta3,golf2,whisky1
beta:alpha1,beta0,ceta1,delta2,golf3,whisky2
center:center0,east1,north1,northeast1,northwest1,south1,southeast1,southwest1,west1
ceta:alpha2,beta1,ceta0,delta1,golf2,whisky3
delta:alpha3,beta2,ceta1,delta0,golf1,whisky2
east:center1,east0,north2,northeast1,northwest2,south2,southeast1,southwest2,west2
golf:alpha2,beta3,ceta2,delta1,golf0,whisky1
north:center1,east2,north0,northeast1,northwest1,south2,southeast2,southwest2,west2
northeast:center1,east1,north1,northeast0,northwest2,south2,southeast2,southwest2,west2
northwest:center1,east2,north1,northeast2,northwest0,south2,southeast2,southwest2,west1
south:center1,east2,north2,northeast2,northwest2,south0,southeast1,southwest1,west2
southeast:center1,east1,north2,northeast2,northwest2,south1,southeast0,southwest2,west2
southwest:center1,east2,north2,northeast2,northwest2,south1,southeast2,southwest0,west1
west:center1,east2,north2,northeast2,northwest1,south2,southeast2,southwest1,west0
whisky:alpha1,beta2,ceta3,delta2,golf1,whisky0
-----
