A:A0,B1,C2,D2,G1,H2,I2,K1,L2,M2,Q1,R2,S2
B:A1,B0,C1,D1,E2,F2,G2,H3,I3,K2,L3,M3,Q2,R3,S3
C:A2,B1,C0,D1,E2,F1,G1,H2,I2,K3,L4,M4,Q3,R4,S4
D:A2,B1,C1,D0,E1,F2,G2,H3,I3,K3,L4,M4,Q3,R4,S4
E:A3,B2,C2,D1,E0,F1,G3,H4,I4,K4,L5,M5,Q4,R5,S5
F:A3,B2,C1,D2,E1,F0,G2,H3,I3,K4,L5,M5,Q4,R5,S5
G:A1,B2,C1,D2,E3,F2,G0,H1,I1,J2,K2,L3,M3,Q2,R3,S3,V2,W2
H:A2,B3,C2,D3,E4,F3,G1,H0,I1,J1,K3,L4,M4,Q3,R4,S4,T2,U2,V1,W1,X2,Z2
I:A2,B3,C2,D3,E4,F3,G1,H1,I0,J1,K3,L4,M4,Q3,R4,S4,T3,U3,V2,W2,X3,Z3
J:A3,B4,C3,D4,E5,F4,G2,H1,I1,J0,K4,L5,M5,Q4,R5,S5,T3,U3,V2,W2,X3,Z3
K:A1,B2,C3,D3,G2,H3,I3,K0,L1,M1,N2,O2,P2,Q2,R3,S3
L:A2,B3,C4,D4,G3,H4,I4,K1,L0,M2,N2,O3,P1,Q3,R4,S4
M:A2,B3,C4,D4,G3,H4,I4,K1,L2,M0,N1,O1,P2,Q3,R4,S4
N:A3,B4,C5,D5,G4,H5,I5,K2,L2,M1,N0,O1,P1,Q4,R5,S5
O:A3,B4,C5,D5,G4,H5,I5,K2,L3,M1,N1,O0,P2,Q4,R5,S5
P:A3,B4,C5,D5,G4,H5,I5,K2,L1,M2,N1,O2,P0,Q4,R5,S5
Q:A1,B2,C3,D3,G2,H3,I3,K2,L3,M3,Q0,R1,S1,T2
R:A2,B3,C4,D4,G3,H4,I4,K3,L4,M4,Q1,R0,S2,T1,U2,W2
S:A2,B3,C4,D4,G3,H4,I4,K3,L4,M4,Q1,R2,S0,T1,U2,W2
T:A3,B4,C5,D5,G4,H2,I5,K4,L5,M5,Q2,R1,S1,T0,U1,V2,W1,X2,Z2
U:A4,B5,C6,D6,G5,H2,I6,K5,L6,M6,Q3,R2,S2,T1,U0,V1,W1,X2,Z2
V:A3,B4,C3,D4,E5,F4,G2,H1,I2,J2,K4,L5,M5,Q4,R3,S3,T2,U1,V0,W2,X3,Z3
W:A3,B4,C3,D4,E5,F4,G2,H1,I2,J2,K4,L5,M5,Q3,R2,S2,T1,U1,V2,W0,X1,Y2,Z1
X:A4,B5,C4,D5,E6,F5,G3,H2,I3,J3,K5,L6,M6,Q4,R3,S3,T2,U2,V3,W1,X0,Y1,Z2
Y:A5,B6,C5,D6,E7,F6,G4,H3,I4,J4,K6,L7,M7,Q5,R4,S4,T3,U3,V4,W2,X1,Y0,Z1
Z:A4,B5,C4,D5,E6,F5,G3,H2,I3,J3,K5,L6,M6,Q4,R3,S3,T2,U2,V3,W1,X2,Y1,Z0
-----
A:A0,B1,C2,D2,E3,F3,G1,H2,I2,J3,K1,L2,M2,N3,O3,P3,Q1,R2,S2,T3,V3,W3
B:A1,B0,C1,D1,E2,F2,G2,H3,I3,J4,K2,L3,M3,N4,O4,P4,Q2,R3,S3,T4,V4,W4
C:A2,B1,C0,D1,E2,F1,G1,H2,I2,J3,K3,L4,M4,N5,O5,P5,Q3,R4,S4,T5,V3,W3
D:A2,B1,C1,D0,E1,F2,G2,H3,I3,J4,K3,L4,M4,N5,O5,P5,Q3,R4,S4,T5,V4,W4
E:A3,B2,C2,D1,E0,F1,G3,H4,I4,J5,K4,L5,M5,N6,O6,P6,Q4,R5,S5,T6,V5,W5
F:A3,B2,C1,D2,E1,F0,G2,H3,I3,J4,K4,L5,M5,N6,O6,P6,Q4,R5,S5,T6,V4,W4
G:A1,B2,C1,D2,E3,F2,G0,H1,I1,J2,K2,L3,M3,N4,O4,P4,Q2,R3,S3,T3,U3,V2,W2,X3,Z3
H:A2,B3,C2,D3,E4,F3,G1,H0,I1,J1,K3,L4,M4,N5,O5,P5,Q3,R3,S3,T2,U2,V1,W1,X2,Y3,Z2
I:A2,B3,C2,D3,E4,F3,G1,H1,I0,J1,K3,L4,M4,N5,O5,P5,Q3,R4,S4,T3,U3,V2,W2,X3,Y4,Z3
J:A3,B4,C3,D4,E5,F4,G2,H1,I1,J0,K4,L5,M5,N6,O6,P6,Q4,R4,S4,T3,U3,V2,W2,X3,Y4,Z3
K:A1,B2,C3,D3,E4,F4,G2,H3,I3,J4,K0,L1,M1,N2,O2,P2,Q2,R3,S3,T4,V4,W4
L:A2,B3,C4,D4,E5,F5,G3,H4,I4,J5,K1,L0,M2,N2,O3,P1,Q3,R4,S4,T5,V5,W5
M:A2,B3,C4,D4,E5,F5,G3,H4,I4,J5,K1,L2,M0,N1,O1,P2,Q3,R4,S4,T5,V5,W5
N:A3,B4,C5,D5,E6,F6,G4,H5,I5,J6,K2,L2,M1,N0,O1,P1,Q4,R5,S5,T6,V6,W6
O:A3,B4,C5,D5,E6,F6,G4,H5,I5,J6,K2,L3,M1,N1,O0,P2,Q4,R5,S5,T6,V6,W6
P:A3,B4,C5,D5,E6,F6,G4,H5,I5,J6,K2,L1,M2,N1,O2,P0,Q4,R5,S5,T6,V6,W6
Q:A1,B2,C3,D3,E4,F4,G2,H3,I3,J4,K2,L3,M3,N4,O4,P4,Q0,R1,S1,T2,U3,V4,W3
R:A2,B3,C4,D4,E5,F5,G3,H3,I4,J5,K3,L4,M4,N5,O5,P5,Q1,R0,S2,T1,U2,V3,W2,X3,Z3
S:A2,B3,C4,D4,E5,F5,G3,H3,I4,J5,K3,L4,M4,N5,O5,P5,Q1,R2,S0,T1,U2,V3,W2,X3,Z3
T:A3,B4,C4,D5,E6,F5,G3,H2,I3,J3,K4,L5,M5,N6,O6,P6,Q2,R1,S1,T0,U1,V2,W1,X2,Y3,Z2
U:A4,B5,C4,D5,E6,F5,G3,H2,I3,J3,K5,L6,M6,N7,O7,P7,Q3,R2,S2,T1,U0,V1,W1,X2,Y3,Z2
V:A3,B4,C3,D4,E5,F4,G2,H1,I2,J2,K4,L5,M5,N6,O6,P6,Q4,R3,S3,T2,U1,V0,W2,X3,Y4,Z3
W:A3,B4,C3,D4,E5,F4,G2,H1,I2,J2,K4,L5,M5,N6,O6,P6,Q3,R2,S2,T1,U1,V2,W0,X1,Y2,Z1
X:A4,B5,C4,D5,E6,F5,G3,H2,I3,J3,K5,L6,M6,N7,O7,P7,Q4,R3,S3,T2,U2,V3,W1,X0,Y1,Z2
Y:A5,B6,C5,D6,E7,F6,G4,H3,I4,J4,K6,L7,M7,N8,O8,P8,Q5,R4,S4,T3,U3,V4,W2,X1,Y0,Z1
Z:A4,B5,C4,D5,E6,F5,G3,H2,I3,J3,K5,L6,M6,N7,O7,P7,Q4,R3,S3,T2,U2,V3,W1,X2,Y1,Z0
-----
A:A0,B1,C2,D2,E3,F3,G1,H2,I2,J3,K1,L2,M2,N3,O3,P3,Q1,R2,S2,T3,U4,V3,W3,X4,Z4
B:A1,B0,C1,D1,E2,F2,G2,H3,I3,J4,K2,L3,M3,N4,O4,P4,Q2,R3,S3,T4,U5,V4,W4,X5,Z5
C:A2,B1,C0,D1,E2,F1,G1,H2,I2,J3,K3,L4,M4,N5,O5,P5,Q3,R4,S4,T4,U4,V3,W3,X4,Z4
D:A2,B1,C1,D0,E1,F2,G2,H3,I3,J4,K3,L4,M4,N5,O5,P5,Q3,R4,S4,T5,U5,V4,W4,X5,Z5
E:A3,B2,C2,D1,E0,F1,G3,H4,I4,J5,K4,L5,M5,N6,O6,P6,Q4,R5,S5,T6,U6,V5,W5,X6,Z6
F:A3,B2,C1,D2,E1,F0,G2,H3,I3,J4,K4,L5,M5,N6,O6,P6,Q4,R5,S5,T5,U5,V4,W4,X5,Z5
G:A1,B2,C1,D2,E3,F2,G0,H1,I1,J2,K2,L3,M3,N4,O4,P4,Q2,R3,S3,T3,U3,V2,W2,X3,Y4,Z3
H:A2,B3,C2,D3,E4,F3,G1,H0,I1,J1,K3,L4,M4,N5,O5,P5,Q3,R3,S3,T2,U2,V1,W1,X2,Y3,Z2
I:A2,B3,C2,D3,E4,F3,G1,H1,I0,J1,K3,L4,M4,N5,O5,P5,Q3,R4,S4,T3,U3,V2,W2,X3,Y4,Z3
J:A3,B4,C3,D4,E5,F4,G2,H1,I1,J0,K4,L5,M5,N6,O6,P6,Q4,R4,S4,T3,U3,V2,W2,X3,Y4,Z3
K:A1,B2,C3,D3,E4,F4,G2,H3,I3,J4,K0,L1,M1,N2,O2,P2,Q2,R3,S3,T4,U5,V4,W4,X5,Z5
L:A2,B3,C4,D4,E5,F5,G3,H4,I4,J5,K1,L0,M2,N2,O3,P1,Q3,R4,S4,T5,U6,V5,W5,X6,Z6
M:A2,B3,C4,D4,E5,F5,G3,H4,I4,J5,K1,L2,M0,N1,O1,P2,Q3,R4,S4,T5,U6,V5,W5,X6,Z6
N:A3,B4,C5,D5,E6,F6,G4,H5,I5,J6,K2,L2,M1,N0,O1,P1,Q4,R5,S5,T6,U7,V6,W6,X7,Z7
O:A3,B4,C5,D5,E6,F6,G4,H5,I5,J6,K2,L3,M1,N1,O0,P2,Q4,R5,S5,T6,U7,V6,W6,X7,Z7
P:A3,B4,C5,D5,E6,F6,G4,H5,I5,J6,K2,L1,M2,N1,O2,P0,Q4,R5,S5,T6,U7,V6,W6,X7,Z7
Q:A1,B2,C3,D3,E4,F4,G2,H3,I3,J4,K2,L3,M3,N4,O4,P4,Q0,R1,S1,T2,U3,V4,W3,X4,Z4
R:A2,B3,C4,D4,E5,F5,G3,H3,I4,J4,K3,L4,M4,N5,O5,P5,Q1,R0,S2,T1,U2,V3,W2,X3,Y4,Z3
S:A2,B3,C4,D4,E5,F5,G3,H3,I4,J4,K3,L4,M4,N5,O5,P5,Q1,R2,S0,T1,U2,V3,W2,X3,Y4,Z3
T:A3,B4,C4,D5,E6,F5,G3,H2,I3,J3,K4,L5,M5,N6,O6,P6,Q2,R1,S1,T0,U1,V2,W1,X2,Y3,Z2
U:A4,B5,C4,D5,E6,F5,G3,H2,I3,J3,K5,L6,M6,N7,O7,P7,Q3,R2,S2,T1,U0,V1,W1,X2,Y3,Z2
V:A3,B4,C3,D4,E5,F4,G2,H1,I2,J2,K4,L5,M5,N6,O6,P6,Q4,R3,S3,T2,U1,V0,W2,X3,Y4,Z3
W:A3,B4,C3,D4,E5,F4,G2,H1,I2,J2,K4,L5,M5,N6,O6,P6,Q3,R2,S2,T1,U1,V2,W0,X1,Y2,Z1
X:A4,B5,C4,D5,E6,F5,G3,H2,I3,J3,K5,L6,M6,N7,O7,P7,Q4,R3,S3,T2,U2,V3,W1,X0,Y1,Z2
Y:A5,B6,C5,D6,E7,F6,G4,H3,I4,J4,K6,L7,M7,N8,O8,P8,Q5,R4,S4,T3,U3,V4,W2,X1,Y0,Z1
Z:A4,B5,C4,D5,E6,F5,G3,H2,I3,J3,K5,L6,M6,N7,O7,P7,Q4,R3,S3,T2,U2,V3,W1,X2,Y1,Z0
-----
A:A0,B1,C2,D2,E3,F3,G1,H2,I2,J3,K1,L2,M2,N3,O3,P3,Q1,R2,S2,T3,U4,V3,W3,X4,Y5,Z4
B:A1,B0,C1,D1,E2,F2,G2,H3,I3,J4,K2,L3,M3,N4,O4,P4,Q2,R3,S3,T4,U5,V4,W4,X5,Y6,Z5
C:A2,B1,C0,D1,E2,F1,G1,H2,I2,J3,K3,L4,M4,N5,O5,P5,Q3,R4,S4,T4,U4,V3,W3,X4,Y5,Z4
D:A2,B1,C1,D0,E1,F2,G2,H3,I3,J4,K3,L4,M4,N5,O5,P5,Q3,R4,S4,T5,U5,V4,W4,X5,Y6,Z5
E:A3,B2,C2,D1,E0,F1,G3,H4,I4,J5,K4,L5,M5,N6,O6,P6,Q4,R5,S5,T6,U6,V5,W5,X6,Y7,Z6
F:A3,B2,C1,D2,E1,F0,G2,H3,I3,J4,K4,L5,M5,N6,O6,P6,Q4,R5,S5,T5,U5,V4,W4,X5,Y6,Z5
G:A1,B2,C1,D2,E3,F2,G0,H1,I1,J2,K2,L3,M3,N4,O4,P4,Q2,R3,S3,T3,U3,V2,W2,X3,Y4,Z3
H:A2,B3,C2,D3,E4,F3,G1,H0,I1,J1,K3,L4,M4,N5,O5,P5,Q3,R3,S3,T2,U2,V1,W1,X2,Y3,Z2
I:A2,B3,C2,D3,E4,F3,G1,H1,I0,J1,K3,L4,M4,N5,O5,P5,Q3,R4,S4,T3,U3,V2,W2,X3,Y4,Z3
J:A3,B4,C3,D4,E5,F4,G2,H1,I1,J0,K4,L5,M5,N6,O6,P6,Q4,R4,S4,T3,U3,V2,W2,X3,Y4,Z3
K:A1,B2,C3,D3,E4,F4,G2,H3,I3,J4,K0,L1,M1,N2,O2,P2,Q2,R3,S3,T4,U5,V4,W4,X5,Y6,Z5
L:A2,B3,C4,D4,E5,F5,G3,H4,I4,J5,K1,L0,M2,N2,O3,P1,Q3,R4,S4,T5,U6,V5,W5,X6,Y7,Z6
M:A2,B3,C4,D4,E5,F5,G3,H4,I4,J5,K1,L2,M0,N1,O1,P2,Q3,R4,S4,T5,U6,V5,W5,X6,Y7,Z6
N:A3,B4,C5,D5,E6,F6,G4,H5,I5,J6,K2,L2,M1,N0,O1,P1,Q4,R5,S5,T6,U7,V6,W6,X7,Y8,Z7
O:A3,B4,C5,D5,E6,F6,G4,H5,I5,J6,K2,L3,M1,N1,O0,P2,Q4,R5,S5,T6,U7,V6,W6,X7,Y8,Z7
P:A3,B4,C5,D5,E6,F6,G4,H5,I5,J6,K2,L1,M2,N1,O2,P0,Q4,R5,S5,T6,U7,V6,W6,X7,Y8,Z7
Q:A1,B2,C3,D3,E4,F4,G2,H3,I3,J4,K2,L3,M3,N4,O4,P4,Q0,R1,S1,T2,U3,V4,W3,X4,Y5,Z4
R:A2,B3,C4,D4,E5,F5,G3,H3,I4,J4,K3,L4,M4,N5,O5,P5,Q1,R0,S2,T1,U2,V3,W2,X3,Y4,Z3
S:A2,B3,C4,D4,E5,F5,G3,H3,I4,J4,K3,L4,M4,N5,O5,P5,Q1,R2,S0,T1,U2,V3,W2,X3,Y4,Z3
T:A3,B4,C4,D5,E6,F5,G3,H2,I3,J3,K4,L5,M5,N6,O6,P6,Q2,R1,S1,T0,U1,V2,W1,X2,Y3,Z2
U:A4,B5,C4,D5,E6,F5,G3,H2,I3,J3,K5,L6,M6,N7,O7,P7,Q3,R2,S2,T1,U0,V1,W1,X2,Y3,Z2
V:A3,B4,C3,D4,E5,F4,G2,H1,I2,J2,K4,L5,M5,N6,O6,P6,Q4,R3,S3,T2,U1,V0,W2,X3,Y4,Z3
W:A3,B4,C3,D4,E5,F4,G2,H1,I2,J2,K4,L5,M5,N6,O6,P6,Q3,R2,S2,T1,U1,V2,W0,X1,Y2,Z1
X:A4,B5,C4,D5,E6,F5,G3,H2,I3,J3,K5,L6,M6,N7,O7,P7,Q4,R3,S3,T2,U2,V3,W1,X0,Y1,Z2
Y:A5,B6,C5,D6,E7,F6,G4,H3,I4,J4,K6,L7,M7,N8,O8,P8,Q5,R4,S4,T3,U3,V4,W2,X1,Y0,Z1
Z:A4,B5,C4,D5,E6,F5,G3,H2,I3,J3,K5,L6,M6,N7,O7,P7,Q4,R3,S3,T2,U2,V3,W1,X2,Y1,Z0
-----
A:A0,B1,C2,D2,E3,F3,G1,H2,I2,J3,K1,L2,M2,N3,O3,P3,Q1,R2,S2,T3,U4,V3,W3,X4,Y5,Z4
B:A1,B0,C1,D1,E2,F2,G2,H3,I3,J4,K2,L3,M3,N4,O4,P4,Q2,R3,S3,T4,U5,V4,W4,X5,Y6,Z5
C:A2,B1,C0,D1,E2,F1,G1,H2,I2,J3,K3,L4,M4,N5,O5,P5,Q3,R4,S4,T4,U4,V3,W3,X4,Y5,Z4
D:A2,B1,C1,D0,E1,F2,G2,H3,I3,J4,K3,L4,M4,N5,O5,P5,Q3,R4,S4,T5,U5,V4,W4,X5,Y6,Z5
E:A3,B2,C2,D1,E0,F1,G3,H4,I4,J5,K4,L5,M5,N6,O6,P6,Q4,R5,S5,T6,U6,V5,W5,X6,Y7,Z6
F:A3,B2,C1,D2,E1,F0,G2,H3,I3,J4,K4,L5,M5,N6,O6,P6,Q4,R5,S5,T5,U5,V4,W4,X5,Y6,Z5
G:A1,B2,C1,D2,E3,F2,G0,H1,I1,J2,K2,L3,M3,N4,O4,P4,Q2,R3,S3,T3,U3,V2,W2,X3,Y4,Z3
H:A2,B3,C2,D3,E4,F3,G1,H0,I1,J1,K3,L4,M4,N5,O5,P5,Q3,R3,S3,T2,U2,V1,W1,X2,Y3,Z2
I:A2,B3,C2,D3,E4,F3,G1,H1,I0,J1,K3,L4,M4,N5,O5,P5,Q3,R4,S4,T3,U3,V2,W2,X3,Y4,Z3
J:A3,B4,C3,D4,E5,F4,G2,H1,I1,J0,K4,L5,M5,N6,O6,P6,Q4,R4,S4,T3,U3,V2,W2,X3,Y4,Z3
K:A1,B2,C3,D3,E4,F4,G2,H3,I3,J4,K0,L1,M1,N2,O2,P2,Q2,R3,S3,T4,U5,V4,W4,X5,Y6,Z5
L:A2,B3,C4,D4,E5,F5,G3,H4,I4,J5,K1,L0,M2,N2,O3,P1,Q3,R4,S4,T5,U6,V5,W5,X6,Y7,Z6
M:A2,B3,C4,D4,E5,F5,G3,H4,I4,J5,K1,L2,M0,N1,O1,P2,Q3,R4,S4,T5,U6,V5,W5,X6,Y7,Z6
N:A3,B4,C5,D5,E6,F6,G4,H5,I5,J6,K2,L2,M1,N0,O1,P1,Q4,R5,S5,T6,U7,V6,W6,X7,Y8,Z7
O:A3,B4,C5,D5,E6,F6,G4,H5,I5,J6,K2,L3,M1,N1,O0,P2,Q4,R5,S5,T6,U7,V6,W6,X7,Y8,Z7
P:A3,B4,C5,D5,E6,F6,G4,H5,I5,J6,K2,L1,M2,N1,O2,P0,Q4,R5,S5,T6,U7,V6,W6,X7,Y8,Z7
Q:A1,B2,C3,D3,E4,F4,G2,H3,I3,J4,K2,L3,M3,N4,O4,P4,Q0,R1,S1,T2,U3,V4,W3,X4,Y5,Z4
R:A2,B3,C4,D4,E5,F5,G3,H3,I4,J4,K3,L4,M4,N5,O5,P5,Q1,R0,S2,T1,U2,V3,W2,X3,Y4,Z3
S:A2,B3,C4,D4,E5,F5,G3,H3,I4,J4,K3,L4,M4,N5,O5,P5,Q1,R2,S0,T1,U2,V3,W2,X3,Y4,Z3
T:A3,B4,C4,D5,E6,F5,G3,H2,I3,J3,K4,L5,M5,N6,O6,P6,Q2,R1,S1,T0,U1,V2,W1,X2,Y3,Z2
U:A4,B5,C4,D5,E6,F5,G3,H2,I3,J3,K5,L6,M6,N7,O7,P7,Q3,R2,S2,T1,U0,V1,W1,X2,Y3,Z2
V:A3,B4,C3,D4,E5,F4,G2,H1,I2,J2,K4,L5,M5,N6,O6,P6,Q4,R3,S3,T2,U1,V0,W2,X3,Y4,Z3
W:A3,B4,C3,D4,E5,F4,G2,H1,I2,J2,K4,L5,M5,N6,O6,P6,Q3,R2,S2,T1,U1,V2,W0,X1,Y2,Z1
X:A4,B5,C4,D5,E6,F5,G3,H2,I3,J3,K5,L6,M6,N7,O7,P7,Q4,R3,S3,T2,U2,V3,W1,X0,Y1,Z2
Y:A5,B6,C5,D6,E7,F6,G4,H3,I4,J4,K6,L7,M7,N8,O8,P8,Q5,R4,S4,T3,U3,V4,W2,X1,Y0,Z1
Z:A4,B5,C4,D5,E6,F5,G3,H2,I3,J3,K5,L6,M6,N7,O7,P7,Q4,R3,S3,T2,U2,V3,W1,X2,Y1,Z0
-----
