A:A0,B1,C2,D1,E2,G2,Q2,R1,U2
B:A1,B0,C1,D2,E1,F2,G3,H2,P2,Q1,R2,T2,U3,Z2
C:A2,B1,C0,D3,E2,F1,G4,H3,I2,P1,Q2,R3,S2,T3,U4,Z1
D:A1,B2,C3,D0,E3,G1,J2,Q3,R2,U3
E:A2,B1,C2,D3,E0,F3,G4,H1,K2,P3,Q2,R3,T3,U4,Z3
F:A3,B2,C1,D4,E3,F0,G5,H4,I1,L2,P2,Q3,R4,S3,T4,U5,Z2
G:A2,B3,C4,D1,E4,G0,J1,O2,Q4,R3,U4
H:A3,B2,C3,D4,E1,F4,G5,H0,K1,N2,P4,Q3,R4,T4,U5,Z4
I:A4,B3,C2,D5,E4,F1,G6,H5,I0,L1,M2,P3,Q4,R5,S4,T5,U6,Z3
J:A3,B4,C5,D2,E5,G1,J0,O1,Q5,R4,U5,X2
K:A4,B3,C4,D5,E2,F5,G6,H1,K0,N1,P5,Q4,R5,T5,U6,W2,Z5
L:A5,B4,C3,D6,E5,F2,G7,H6,I1,L0,M1,P4,Q5,R6,S5,T6,U7,V2,Z4
M:A6,B5,C4,D7,E6,F3,G8,H7,I2,L1,M0,P5,Q6,R7,S2,T7,U8,V1,Z5
N:A5,B4,C5,D6,E3,F6,G7,H2,K1,N0,P6,Q5,R6,T2,U7,W1,Z6
O:A4,B5,C6,D3,E6,G2,J1,O0,Q6,R5,U2,X1
P:A3,B2,C1,D4,E3,F2,G5,H4,I3,P0,Q3,R4,S1,T4,U5,V2,Z2
Q:A2,B1,C2,D3,E2,F3,G4,H3,P3,Q0,R3,T1,U4,W2,Z3
R:A1,B2,C3,D2,E3,G3,Q3,R0,U1,X2
S:A4,B3,C2,D5,E4,F3,G6,H5,I4,M2,P1,Q4,R5,S0,T5,U6,V1,Z3
T:A3,B2,C3,D4,E3,F4,G5,H4,N2,P4,Q1,R4,T0,U5,W1,Z4
U:A2,B3,C4,D3,E4,G4,O2,Q4,R1,U0,X1
V:A5,B4,C3,D6,E5,F4,G7,H6,I3,L2,M1,P2,Q5,R6,S1,T6,U7,V0,Z4
W:A4,B3,C4,D5,E4,F5,G6,H3,K2,N1,P5,Q2,R5,T1,U6,W0,Z5
X:A3,B4,C5,D4,E5,G3,J2,O1,Q5,R2,U1,X0
Z:A3,B2,C1,D4,E3,F2,G5,H4,I3,P2,Q3,R4,S3,T4,U5,Z0
-----
A:A0,B1,C2,D1,E2,F3,G2,H3,J3,P3,Q2,R1,T3,U2,X3,Z3
B:A1,B0,C1,D2,E1,F2,G3,H2,I3,J4,K3,P2,Q1,R2,S3,T2,U3,W3,X4,Z2
C:A2,B1,C0,D3,E2,F1,G4,H3,I2,J5,K4,L3,P1,Q2,R3,S2,T3,U4,V3,W4,X5,Z1
D:A1,B2,C3,D0,E3,F4,G1,H4,J2,O3,P4,Q3,R2,T4,U3,X4,Z4
E:A2,B1,C2,D3,E0,F3,G4,H1,I4,J5,K2,N3,P3,Q2,R3,S4,T3,U4,W4,X5,Z3
F:A3,B2,C1,D4,E3,F0,G5,H4,I1,J6,K5,L2,M3,P2,Q3,R4,S3,T4,U5,V4,W5,X6,Z2
G:A2,B3,C4,D1,E4,F5,G0,H5,J1,O2,P5,Q4,R3,T5,U4,X3,Z5
H:A3,B2,C3,D4,E1,F4,G5,H0,I5,J6,K1,N2,P4,Q3,R4,S5,T4,U5,W3,X6,Z4
I:A4,B3,C2,D5,E4,F1,G6,H5,I0,J7,K6,L1,M2,P3,Q4,R5,S4,T5,U6,V3,W6,X7,Z3
J:A3,B4,C5,D2,E5,F6,G1,H6,J0,O1,P6,Q5,R4,T6,U3,X2,Z6
K:A4,B3,C4,D5,E2,F5,G6,H1,I6,J7,K0,N1,P5,Q4,R5,S6,T3,U6,W2,X7,Z5
L:A5,B4,C3,D6,E5,F2,G7,H6,I1,J8,K7,L0,M1,P4,Q5,R6,S3,T6,U7,V2,W7,X8,Z4
M:A6,B5,C4,D7,E6,F3,G8,H7,I2,J9,K8,L1,M0,P3,Q6,R7,S2,T7,U8,V1,W8,X9,Z5
N:A5,B4,C5,D6,E3,F6,G7,H2,I7,J8,K1,N0,P6,Q3,R6,S7,T2,U7,W1,X8,Z6
O:A4,B5,C6,D3,E6,F7,G2,H7,J1,O0,P7,Q6,R3,T7,U2,X1,Z7
P:A3,B2,C1,D4,E3,F2,G5,H4,I3,J6,K5,L4,M3,P0,Q3,R4,S1,T4,U5,V2,W5,X6,Z2
Q:A2,B1,C2,D3,E2,F3,G4,H3,I4,J5,K4,N3,P3,Q0,R3,S4,T1,U4,W2,X5,Z3
R:A1,B2,C3,D2,E3,F4,G3,H4,J4,O3,P4,Q3,R0,T4,U1,X2,Z4
S:A4,B3,C2,D5,E4,F3,G6,H5,I4,J7,K6,L3,M2,P1,Q4,R5,S0,T5,U6,V1,W6,X7,Z3
T:A3,B2,C3,D4,E3,F4,G5,H4,I5,J6,K3,N2,P4,Q1,R4,S5,T0,U5,W1,X6,Z4
U:A2,B3,C4,D3,E4,F5,G4,H5,J3,O2,P5,Q4,R1,T5,U0,X1,Z5
V:A5,B4,C3,D6,E5,F4,G7,H6,I3,J8,K7,L2,M1,P2,Q5,R6,S1,T6,U7,V0,W7,X8,Z4
W:A4,B3,C4,D5,E4,F5,G6,H3,I6,J7,K2,N1,P5,Q2,R5,S6,T1,U6,W0,X7,Z5
X:A3,B4,C5,D4,E5,F6,G3,H6,J2,O1,P6,Q5,R2,T6,U1,X0,Z6
Z:A3,B2,C1,D4,E3,F2,G5,H4,I3,J6,K5,L4,P2,Q3,R4,S3,T4,U5,V4,W5,X6,Z0
-----
A:A0,B1,C2,D1,E2,F3,G2,H3,I4,J3,K4,O4,P3,Q2,R1,S4,T3,U2,W4,X3,Z3
B:A1,B0,C1,D2,E1,F2,G3,H2,I3,J4,K3,L4,N4,O5,P2,Q1,R2,S3,T2,U3,V4,W3,X4,Z2
C:A2,B1,C0,D3,E2,F1,G4,H3,I2,J5,K4,L3,M4,N5,O6,P1,Q2,R3,S2,T3,U4,V3,W4,X5,Z1
D:A1,B2,C3,D0,E3,F4,G1,H4,I5,J2,K5,O3,P4,Q3,R2,S5,T4,U3,W5,X4,Z4
E:A2,B1,C2,D3,E0,F3,G4,H1,I4,J5,K2,L5,N3,O6,P3,Q2,R3,S4,T3,U4,V5,W4,X5,Z3
F:A3,B2,C1,D4,E3,F0,G5,H4,I1,J6,K5,L2,M3,N6,O7,P2,Q3,R4,S3,T4,U5,V4,W5,X6,Z2
G:A2,B3,C4,D1,E4,F5,G0,H5,I6,J1,K6,O2,P5,Q4,R3,S6,T5,U4,W6,X3,Z5
H:A3,B2,C3,D4,E1,F4,G5,H0,I5,J6,K1,L6,N2,O7,P4,Q3,R4,S5,T4,U5,V6,W3,X6,Z4
I:A4,B3,C2,D5,E4,F1,G6,H5,I0,J7,K6,L1,M2,N7,O8,P3,Q4,R5,S4,T5,U6,V3,W6,X7,Z3
J:A3,B4,C5,D2,E5,F6,G1,H6,I7,J0,K7,O1,P6,Q5,R4,S7,T6,U3,W7,X2,Z6
K:A4,B3,C4,D5,E2,F5,G6,H1,I6,J7,K0,L7,N1,O8,P5,Q4,R5,S6,T3,U6,V7,W2,X7,Z5
L:A5,B4,C3,D6,E5,F2,G7,H6,I1,J8,K7,L0,M1,N8,O9,P4,Q5,R6,S3,T6,U7,V2,W7,X8,Z4
M:A6,B5,C4,D7,E6,F3,G8,H7,I2,J9,K8,L1,M0,N9,O10,P3,Q6,R7,S2,T7,U8,V1,W8,X9,Z5
N:A5,B4,C5,D6,E3,F6,G7,H2,I7,J8,K1,L8,N0,O9,P6,Q3,R6,S7,T2,U7,V8,W1,X8,Z6
O:A4,B5,C6,D3,E6,F7,G2,H7,I8,J1,K8,O0,P7,Q6,R3,S8,T7,U2,W8,X1,Z7
P:A3,B2,C1,D4,E3,F2,G5,H4,I3,J6,K5,L4,M3,N6,O7,P0,Q3,R4,S1,T4,U5,V2,W5,X6,Z2
Q:A2,B1,C2,D3,E2,F3,G4,H3,I4,J5,K4,L5,N3,O6,P3,Q0,R3,S4,T1,U4,V5,W2,X5,Z3
R:A1,B2,C3,D2,E3,F4,G3,H4,I5,J4,K5,O3,P4,Q3,R0,S5,T4,U1,W5,X2,Z4
S:A4,B3,C2,D5,E4,F3,G6,H5,I4,J7,K6,L3,M2,N7,O8,P1,Q4,R5,S0,T5,U6,V1,W6,X7,Z3
T:A3,B2,C3,D4,E3,F4,G5,H4,I5,J6,K3,L6,N2,O7,P4,Q1,R4,S5,T0,U5,V6,W1,X6,Z4
U:A2,B3,C4,D3,E4,F5,G4,H5,I6,J3,K6,O2,P5,Q4,R1,S6,T5,U0,W6,X1,Z5
V:A5,B4,C3,D6,E5,F4,G7,H6,I3,J8,K7,L2,M1,N8,O9,P2,Q5,R6,S1,T6,U7,V0,W7,X8,Z4
W:A4,B3,C4,D5,E4,F5,G6,H3,I6,J7,K2,L7,N1,O8,P5,Q2,R5,S6,T1,U6,V7,W0,X7,Z5
X:A3,B4,C5,D4,E5,F6,G3,H6,I7,J2,K7,O1,P6,Q5,R2,S7,T6,U1,W7,X0,Z6
Z:A3,B2,C1,D4,E3,F2,G5,H4,I3,J6,K5,L4,M5,N6,O7,P2,Q3,R4,S3,T4,U5,V4,W5,X6,Z0
-----
A:A0,B1,C2,D1,E2,F3,G2,H3,I4,J3,K4,L5,N5,O4,P3,Q2,R1,S4,T3,U2,V5,W4,X3,Z3
B:A1,B0,C1,D2,E1,F2,G3,H2,I3,J4,K3,L4,M5,N4,O5,P2,Q1,R2,S3,T2,U3,V4,W3,X4,Z2
C:A2,B1,C0,D3,E2,F1,G4,H3,I2,J5,K4,L3,M4,N5,O6,P1,Q2,R3,S2,T3,U4,V3,W4,X5,Z1
D:A1,B2,C3,D0,E3,F4,G1,H4,I5,J2,K5,L6,N6,O3,P4,Q3,R2,S5,T4,U3,V6,W5,X4,Z4
E:A2,B1,C2,D3,E0,F3,G4,H1,I4,J5,K2,L5,M6,N3,O6,P3,Q2,R3,S4,T3,U4,V5,W4,X5,Z3
F:A3,B2,C1,D4,E3,F0,G5,H4,I1,J6,K5,L2,M3,N6,O7,P2,Q3,R4,S3,T4,U5,V4,W5,X6,Z2
G:A2,B3,C4,D1,E4,F5,G0,H5,I6,J1,K6,L7,N7,O2,P5,Q4,R3,S6,T5,U4,V7,W6,X3,Z5
H:A3,B2,C3,D4,E1,F4,G5,H0,I5,J6,K1,L6,M7,N2,O7,P4,Q3,R4,S5,T4,U5,V6,W3,X6,Z4
I:A4,B3,C2,D5,E4,F1,G6,H5,I0,J7,K6,L1,M2,N7,O8,P3,Q4,R5,S4,T5,U6,V3,W6,X7,Z3
J:A3,B4,C5,D2,E5,F6,G1,H6,I7,J0,K7,L8,N8,O1,P6,Q5,R4,S7,T6,U3,V8,W7,X2,Z6
K:A4,B3,C4,D5,E2,F5,G6,H1,I6,J7,K0,L7,M8,N1,O8,P5,Q4,R5,S6,T3,U6,V7,W2,X7,Z5
L:A5,B4,C3,D6,E5,F2,G7,H6,I1,J8,K7,L0,M1,N8,O9,P4,Q5,R6,S3,T6,U7,V2,W7,X8,Z4
M:A6,B5,C4,D7,E6,F3,G8,H7,I2,J9,K8,L1,M0,N9,O10,P3,Q6,R7,S2,T7,U8,V1,W8,X9,Z5
N:A5,B4,C5,D6,E3,F6,G7,H2,I7,J8,K1,L8,M9,N0,O9,P6,Q3,R6,S7,T2,U7,V8,W1,X8,Z6
O:A4,B5,C6,D3,E6,F7,G2,H7,I8,J1,K8,L9,N9,O0,P7,Q6,R3,S8,T7,U2,V9,W8,X1,Z7
P:A3,B2,C1,D4,E3,F2,G5,H4,I3,J6,K5,L4,M3,N6,O7,P0,Q3,R4,S1,T4,U5,V2,W5,X6,Z2
Q:A2,B1,C2,D3,E2,F3,G4,H3,I4,J5,K4,L5,M6,N3,O6,P3,Q0,R3,S4,T1,U4,V5,W2,X5,Z3
R:A1,B2,C3,D2,E3,F4,G3,H4,I5,J4,K5,L6,N6,O3,P4,Q3,R0,S5,T4,U1,V6,W5,X2,Z4
S:A4,B3,C2,D5,E4,F3,G6,H5,I4,J7,K6,L3,M2,N7,O8,P1,Q4,R5,S0,T5,U6,V1,W6,X7,Z3
T:A3,B2,C3,D4,E3,F4,G5,H4,I5,J6,K3,L6,M7,N2,O7,P4,Q1,R4,S5,T0,U5,V6,W1,X6,Z4
U:A2,B3,C4,D3,E4,F5,G4,H5,I6,J3,K6,L7,N7,O2,P5,Q4,R1,S6,T5,U0,V7,W6,X1,Z5
V:A5,B4,C3,D6,E5,F4,G7,H6,I3,J8,K7,L2,M1,N8,O9,P2,Q5,R6,S1,T6,U7,V0,W7,X8,Z4
W:A4,B3,C4,D5,E4,F5,G6,H3,I6,J7,K2,L7,M8,N1,O8,P5,Q2,R5,S6,T1,U6,V7,W0,X7,Z5
X:A3,B4,C5,D4,E5,F6,G3,H6,I7,J2,K7,L8,N8,O1,P6,Q5,R2,S7,T6,U1,V8,W7,X0,Z6
Z:A3,B2,C1,D4,E3,F2,G5,H4,I3,J6,K5,L4,M5,N6,O7,P2,Q3,R4,S3,T4,U5,V4,W5,X6,Z0
-----
A:A0,B1,C2,D1,E2,F3,G2,H3,I4,J3,K4,L5,M6,N5,O4,P3,Q2,R1,S4,T3,U2,V5,W4,X3,Z3
B:A1,B0,C1,D2,E1,F2,G3,H2,I3,J4,K3,L4,M5,N4,O5,P2,Q1,R2,S3,T2,U3,V4,W3,X4,Z2
C:A2,B1,C0,D3,E2,F1,G4,H3,I2,J5,K4,L3,M4,N5,O6,P1,Q2,R3,S2,T3,U4,V3,W4,X5,Z1
D:A1,B2,C3,D0,E3,F4,G1,H4,I5,J2,K5,L6,M7,N6,O3,P4,Q3,R2,S5,T4,U3,V6,W5,X4,Z4
E:A2,B1,C2,D3,E0,F3,G4,H1,I4,J5,K2,L5,M6,N3,O6,P3,Q2,R3,S4,T3,U4,V5,W4,X5,Z3
F:A3,B2,C1,D4,E3,F0,G5,H4,I1,J6,K5,L2,M3,N6,O7,P2,Q3,R4,S3,T4,U5,V4,W5,X6,Z2
G:A2,B3,C4,D1,E4,F5,G0,H5,I6,J1,K6,L7,M8,N7,O2,P5,Q4,R3,S6,T5,U4,V7,W6,X3,Z5
H:A3,B2,C3,D4,E1,F4,G5,H0,I5,J6,K1,L6,M7,N2,O7,P4,Q3,R4,S5,T4,U5,V6,W3,X6,Z4
I:A4,B3,C2,D5,E4,F1,G6,H5,I0,J7,K6,L1,M2,N7,O8,P3,Q4,R5,S4,T5,U6,V3,W6,X7,Z3
J:A3,B4,C5,D2,E5,F6,G1,H6,I7,J0,K7,L8,M9,N8,O1,P6,Q5,R4,S7,T6,U3,V8,W7,X2,Z6
K:A4,B3,C4,D5,E2,F5,G6,H1,I6,J7,K0,L7,M8,N1,O8,P5,Q4,R5,S6,T3,U6,V7,W2,X7,Z5
L:A5,B4,C3,D6,E5,F2,G7,H6,I1,J8,K7,L0,M1,N8,O9,P4,Q5,R6,S3,T6,U7,V2,W7,X8,Z4
M:A6,B5,C4,D7,E6,F3,G8,H7,I2,J9,K8,L1,M0,N9,O10,P3,Q6,R7,S2,T7,U8,V1,W8,X9,Z5
N:A5,B4,C5,D6,E3,F6,G7,H2,I7,J8,K1,L8,M9,N0,O9,P6,Q3,R6,S7,T2,U7,V8,W1,X8,Z6
O:A4,B5,C6,D3,E6,F7,G2,H7,I8,J1,K8,L9,M10,N9,O0,P7,Q6,R3,S8,T7,U2,V9,W8,X1,Z7
P:A3,B2,C1,D4,E3,F2,G5,H4,I3,J6,K5,L4,M3,N6,O7,P0,Q3,R4,S1,T4,U5,V2,W5,X6,Z2
Q:A2,B1,C2,D3,E2,F3,G4,H3,I4,J5,K4,L5,M6,N3,O6,P3,Q0,R3,S4,T1,U4,V5,W2,X5,Z3
R:A1,B2,C3,D2,E3,F4,G3,H4,I5,J4,K5,L6,M7,N6,O3,P4,Q3,R0,S5,T4,U1,V6,W5,X2,Z4
S:A4,B3,C2,D5,E4,F3,G6,H5,I4,J7,K6,L3,M2,N7,O8,P1,Q4,R5,S0,T5,U6,V1,W6,X7,Z3
T:A3,B2,C3,D4,E3,F4,G5,H4,I5,J6,K3,L6,M7,N2,O7,P4,Q1,R4,S5,T0,U5,V6,W1,X6,Z4
U:A2,B3,C4,D3,E4,F5,G4,H5,I6,J3,K6,L7,M8,N7,O2,P5,Q4,R1,S6,T5,U0,V7,W6,X1,Z5
V:A5,B4,C3,D6,E5,F4,G7,H6,I3,J8,K7,L2,M1,N8,O9,P2,Q5,R6,S1,T6,U7,V0,W7,X8,Z4
W:A4,B3,C4,D5,E4,F5,G6,H3,I6,J7,K2,L7,M8,N1,O8,P5,Q2,R5,S6,T1,U6,V7,W0,X7,Z5
X:A3,B4,C5,D4,E5,F6,G3,H6,I7,J2,K7,L8,M9,N8,O1,P6,Q5,R2,S7,T6,U1,V8,W7,X0,Z6
Z:A3,B2,C1,D4,E3,F2,G5,H4,I3,J6,K5,L4,M5,N6,O7,P2,Q3,R4,S3,T4,U5,V4,W5,X6,Z0
-----
A:A0,B1,C2,D1,E2,F3,G2,H3,I4,J3,K4,L5,M6,N5,O4,P3,Q2,R1,S4,T3,U2,V5,W4,X3,Z3
B:A1,B0,C1,D2,E1,F2,G3,H2,I3,J4,K3,L4,M5,N4,O5,P2,Q1,R2,S3,T2,U3,V4,W3,X4,Z2
C:A2,B1,C0,D3,E2,F1,G4,H3,I2,J5,K4,L3,M4,N5,O6,P1,Q2,R3,S2,T3,U4,V3,W4,X5,Z1
D:A1,B2,C3,D0,E3,F4,G1,H4,I5,J2,K5,L6,M7,N6,O3,P4,Q3,R2,S5,T4,U3,V6,W5,X4,Z4
E:A2,B1,C2,D3,E0,F3,G4,H1,I4,J5,K2,L5,M6,N3,O6,P3,Q2,R3,S4,T3,U4,V5,W4,X5,Z3
F:A3,B2,C1,D4,E3,F0,G5,H4,I1,J6,K5,L2,M3,N6,O7,P2,Q3,R4,S3,T4,U5,V4,W5,X6,Z2
G:A2,B3,C4,D1,E4,F5,G0,H5,I6,J1,K6,L7,M8,N7,O2,P5,Q4,R3,S6,T5,U4,V7,W6,X3,Z5
H:A3,B2,C3,D4,E1,F4,G5,H0,I5,J6,K1,L6,M7,N2,O7,P4,Q3,R4,S5,T4,U5,V6,W3,X6,Z4
I:A4,B3,C2,D5,E4,F1,G6,H5,I0,J7,K6,L1,M2,N7,O8,P3,Q4,R5,S4,T5,U6,V3,W6,X7,Z3
J:A3,B4,C5,D2,E5,F6,G1,H6,I7,J0,K7,L8,M9,N8,O1,P6,Q5,R4,S7,T6,U3,V8,W7,X2,Z6
K:A4,B3,C4,D5,E2,F5,G6,H1,I6,J7,K0,L7,M8,N1,O8,P5,Q4,R5,S6,T3,U6,V7,W2,X7,Z5
L:A5,B4,C3,D6,E5,F2,G7,H6,I1,J8,K7,L0,M1,N8,O9,P4,Q5,R6,S3,T6,U7,V2,W7,X8,Z4
M:A6,B5,C4,D7,E6,F3,G8,H7,I2,J9,K8,L1,M0,N9,O10,P3,Q6,R7,S2,T7,U8,V1,W8,X9,Z5
N:A5,B4,C5,D6,E3,F6,G7,H2,I7,J8,K1,L8,M9,N0,O9,P6,Q3,R6,S7,T2,U7,V8,W1,X8,Z6
O:A4,B5,C6,D3,E6,F7,G2,H7,I8,J1,K8,L9,M10,N9,O0,P7,Q6,R3,S8,T7,U2,V9,W8,X1,Z7
P:A3,B2,C1,D4,E3,F2,G5,H4,I3,J6,K5,L4,M3,N6,O7,P0,Q3,R4,S1,T4,U5,V2,W5,X6,Z2
Q:A2,B1,C2,D3,E2,F3,G4,H3,I4,J5,K4,L5,M6,N3,O6,P3,Q0,R3,S4,T1,U4,V5,W2,X5,Z3
R:A1,B2,C3,D2,E3,F4,G3,H4,I5,J4,K5,L6,M7,N6,O3,P4,Q3,R0,S5,T4,U1,V6,W5,X2,Z4
S:A4,B3,C2,D5,E4,F3,G6,H5,I4,J7,K6,L3,M2,N7,O8,P1,Q4,R5,S0,T5,U6,V1,W6,X7,Z3
T:A3,B2,C3,D4,E3,F4,G5,H4,I5,J6,K3,L6,M7,N2,O7,P4,Q1,R4,S5,T0,U5,V6,W1,X6,Z4
U:A2,B3,C4,D3,E4,F5,G4,H5,I6,J3,K6,L7,M8,N7,O2,P5,Q4,R1,S6,T5,U0,V7,W6,X1,Z5
V:A5,B4,C3,D6,E5,F4,G7,H6,I3,J8,K7,L2,M1,N8,O9,P2,Q5,R6,S1,T6,U7,V0,W7,X8,Z4
W:A4,B3,C4,D5,E4,F5,G6,H3,I6,J7,K2,L7,M8,N1,O8,P5,Q2,R5,S6,T1,U6,V7,W0,X7,Z5
X:A3,B4,C5,D4,E5,F6,G3,H6,I7,J2,K7,L8,M9,N8,O1,P6,Q5,R2,S7,T6,U1,V8,W7,X0,Z6
Z:A3,B2,C1,D4,E3,F2,G5,H4,I3,J6,K5,L4,M5,N6,O7,P2,Q3,R4,S3,T4,U5,V4,W5,X6,Z0
-----
